
Start of #revscarecrow buffer: Wed May 03 13:41:45 2017

Session Start: Fri May 05 19:57:30 2017
Session Ident: #revscarecrow
03[19:57] * Now talking in #revscarecrow
[19:57] <theluigiguy> revGremlin
[19:57] <revscarecrow> revWhyareyoulikethis revWhatiswrongwithyou
[19:57] <theluigiguy> revConcern
[19:57] <weer_dough> It's beautiful.
[19:57] <samuelroy21> SPOOK
[19:57] <shuuspillow> rev i love u but im trying 2 tier for waifu #24
[19:58] <weer_dough> Mmmm, delicious Comic Sans.
[19:58] <theamazinator> incredible
[19:58] <waylonjsmithers> hi rev
[19:58] <appledoze> thats a long name for an emote lmao
[19:58] <freyja_fenris_tyrmitore> Hello Rev, chat
[19:58] <minuecharm> Hi people
[19:58] <theluigiguy> hi KonCha
[19:58] <standard_package> it makes us want it more
[19:58] <weer_dough> Green and purple, too. Perfect.
[19:58] <godofabortion> Filth
[19:58] <theluigiguy> Tab autocomplete exists Rev Kappa
[19:58] <samuelroy21> jelly is murican Kappa
[19:59] <theluigiguy> bless you
[19:59] <waylonjsmithers> bless you
[19:59] <chuggyosh> Rev <3
[19:59] <guestatron4000> everyone is gonna want the daddy emote rev what have you done
[19:59] <theluigiguy> RESUB rev5
[19:59] <axeeel1> I tuned in just in time to see a daddy emote, why would you do that.
[19:59] <appledoze> well shit man now that youve brought this up its guaranteed that people will go out of the way ot buy it just for shits and gigles
[19:59] <theluigiguy> SourPls
[19:59] <appledoze> also bles u
[19:59] <shuuspillow> u kno someone is gonna prove u wrong
[19:59] <appledoze> never underestimate the internets ability to make dumb decisions just for laughs
[19:59] <weer_dough> Look, I'm not going to lie. My love of terrible things actually tempts me to toss down the 25 bucks to call you daddy.
[19:59] <theluigiguy> yeah I think those are Starfruit
[20:00] <lt_shadow> HeyGuys limesHi Hello Rev
[20:00] <theluigiguy> limesHi
[20:00] <shuuspillow> um some of the community center goals? were trying to grow peaches/apples and get some (large?) milk
[20:00] <lt_shadow> limesHi Oh and hello Chat limesLove
[20:00] <guestatron4000> the only goal is to hug your wife every day
[20:01] <theluigiguy> @RevScarecrow check @akaibara on Twitter, they did Limes' new emotes
[20:01] <heyfa> this needs to be combined with my summer car
[20:01] <shuuspillow> apples?
[20:01] <lt_shadow> do you have honey?
[20:02] <samuelroy21> limey is everything good in the world in a small adorable package
[20:02] <lt_shadow> The Fern is from the secret woods and the truffle is from pigs
[20:02] <waylonjsmithers> fiddlehead fern in the secret wood
[20:02] <chucklercheese> i know ive found it in the secret forest
[20:02] <theluigiguy> DuckerZ
[20:02] <moobot> On mobile but wanna support the channel? You can subscribe with this link! https://www.twitch.tv/products/revscarecrow/ticket New Emotes at 250 (212/250 Subscribers)
[20:02] <theluigiguy> PogChamp
[20:03] <heyfa> Shivers
[20:03] <chucklercheese> nover
[20:03] <raspherbel> Arrpie
[20:03] <flametitan> We got a dinosaur?
[20:03] <shuuspillow> Godzilla
[20:03] <lt_shadow> Name it Joel
[20:03] <lt_shadow> Joel!
[20:03] <zindross> Rexar
[20:03] <tomokithecoffeecup> reptar
[20:03] <fangirlfridays> Nover's a good name
[20:03] <heyfa> why not?
[20:03] <flametitan> Reptar!
[20:03] <tomokithecoffeecup> REPTAR!
[20:03] <samuelroy21> Xert
[20:03] <minuecharm> barney
[20:03] <waylonjsmithers> grungus
[20:03] <gravyboaat> Name him dougie
[20:03] <fangirlfridays> Yeah let's go with reptar
[20:03] <cg_hardy> Denver the last dinosaur
[20:03] <chucklercheese> nover was the name that 1st popped up lol
[20:03] <theluigiguy> it's smol
[20:03] <lt_shadow> its a stegasuarus
[20:03] <tunanoot> hotsauce
[20:03] <chucklercheese> i just liked it
[20:04] <tomokithecoffeecup> i just thought of reptar for no reason
[20:04] <tomokithecoffeecup> lel
[20:04] <gravyboaat> DOUGIE
[20:04] <minuecharm> Spike!
[20:04] <lt_shadow> Joel
[20:04] <weer_dough> Call it Frumplebottom.
[20:04] <minuecharm> from land before time
[20:04] <heyfa> Greg
[20:04] <thejzoli> Hello! Also yay Stardew Valley! :D
[20:04] <shuuspillow> spike sounds good
[20:04] <tomokithecoffeecup> spike works
[20:04] <pieguy25> Hello Rev!
[20:04] <samuelroy21> Name it dude
[20:05] <shuuspillow> the milk it produces isnt edible
[20:05] <minuecharm> thats alot of junk
[20:05] <lt_shadow> IDk the Skull Cavers can get pretty intense
[20:05] <anxiouskiwi> @RevScarecrow Shift click
[20:05] <flametitan> It's a good game. I like Stardew
[20:05] <lt_shadow> I think its shift click?
[20:05] <thejzoli> shift
[20:05] <raspherbel> Shift Click?
[20:05] <gravyboaat> So how did he tell there ain't no milk
[20:05] <anxiouskiwi> Shift click also purchases 5 at a time when buying
[20:05] <waylonjsmithers> that chest is ful rev
[20:05] <chucklercheese> you could drag the pile to the chest pile
[20:06] <fangirlfridays> leezard != mammal, so no mammary glands
[20:06] <fangirlfridays> no milk
[20:06] <samuelroy21> ^
[20:06] <chucklercheese> leeezarrt
[20:06] <tomokithecoffeecup> leeeezard
[20:06] <thejzoli> You should probably sort your chests
[20:06] <lt_shadow> It makes eggs
[20:06] <theluigiguy> Leezard lays eggs
[20:06] <heyfa> lizards totally make milk
[20:06] <anxiouskiwi> Produces more dino eggs
[20:06] <gravyboaat> Yeah but did his character just grab lizards dick
[20:06] <waylonjsmithers> make mroe egg
[20:06] <samuelroy21> Hey does he have a void chicken?
[20:07] <fantasmatic2> just give him the malk josh
[20:07] <theluigiguy> revConcern
[20:07] <theluigiguy> I think Steam is changing their gifting policy
[20:07] <heyfa> what constitutes gray markets
[20:08] <sh1r0_> @HeyFA Reseller sites like G2A
[20:08] <moobot> You can buy shirts to support Rev here > http://bit.ly/RevShirt
[20:08] <heyfa> ah ok
[20:08] <appledoze> like major/minor?
[20:08] <appledoze> dude i laughed so goddamn hard at that
[20:08] <theluigiguy> LYRA RESUB rev5
[20:08] <thejzoli> G2A *cough*
[20:08] <heyfa> is humblebundle considered that now?
[20:08] <appledoze> i honestly wanna play it and see how bad it is
[20:08] <mamalyra> REV PLS
[20:08] <sh1r0_> @HeyFA No, humble works directly with game decs
[20:08] <mamalyra> AAA
[20:08] <sh1r0_> *devs
[20:09] <appledoze> and shit all over the awful character designers
[20:09] <theluigiguy> g2a... (puke)
[20:09] <appledoze> i mean character designs
[20:09] <theluigiguy> (puke) (puke) (puke)
[20:09] <tomokithecoffeecup> tresh
[20:09] <fantasmatic2> i can only buy stuff from those websites though, since i wont pay like 500 extra bucks just to have an international card RuleFive
[20:09] <lt_shadow> limesTehe that noose blow
[20:09] <heyfa> this is an informative stream thanks
[20:09] <mamalyra> rev, you called me malaria... I'm cancelling my sub :P
[20:09] <zombiehunter6022> what's up nerds limesPup
[20:09] <flametitan> I don't respect anyone who chooses to be sponsored by g2a
[20:09] <chucklercheese> here its been raining a week straight
[20:09] <tomokithecoffeecup> sup
[20:09] <jadedbunny84> Hiya!
[20:09] <duke143> hey rev!!! long time since ive been able to catch a stream
[20:10] <theluigiguy> You need Big Barn then you can upgrade to Deluxe
[20:10] <chucklercheese> pigs goats and cows all live in the barn
[20:10] <shuuspillow> big barn i think
[20:10] <theluigiguy> Deluxe gives Pigs
[20:10] <theluigiguy> and sheep
[20:10] <theluigiguy> YES
[20:10] <theluigiguy> $25 RESUB PogChamp
[20:10] <jadedbunny84> cheer100
[20:10] <zimtard> GOD
[20:10] <appledoze> I TOLD YOU PEOPLE WOULD DO IT
[20:10] <theluigiguy> BYPE rev5
[20:10] <tomokithecoffeecup> bypeee
[20:10] <mamalyra> BYPE
[20:10] <jadedbunny84> <3
[20:11] <theluigiguy> Note that as of now ALL SUBS can use the daddy emotes in Discord
[20:11] <zombiehunter6022> @revscarecrow how was your day?
[20:11] <thejzoli> How do you resub with more money??
[20:11] <theluigiguy> if you connect to the sub discord
[20:11] <zimtard> im saving up for something, if i wasnt i'd be able to call rev daddy
[20:11] <lt_shadow> Yes it is
[20:11] <theluigiguy> !discord
[20:11] <moobot> If you sub to Rev on twitch you can hang out in the Sub only discord. After you subscribe go to user settings then connections and look for "Rev's Fun House"
[20:11] <lt_shadow> look the fern is right there!
[20:11] <lt_shadow> Yayyyy
[20:11] <waylonjsmithers> yes
[20:11] <punstartracer> !uptime
[20:11] <moobot> Rev has been streaming for 15m
[20:11] <lt_shadow> limesHey you got it
[20:12] <mamalyra> Rev, it's "Mama Lyra." As in lie-ruh. Not "Malaria."
[20:12] <punstartracer> 👌👀👌 Good shit
[20:12] <mamalyra> I'm not spread by mosquitos.
[20:12] <zombiehunter6022> do you need to be an active sub for the discord?
[20:12] <place_holder> click the emote button and it gives you the option too
[20:12] <tomokithecoffeecup> happy happy joy joy
[20:13] <mamalyra> Thanks Rev revDay also Vero resub hype
[20:13] <moobot> New emotes based on the results of this poll please vote: http://www.strawpoll.me/12834190
[20:13] <appledoze> ugh im hungr what should i get
[20:13] <punstartracer> Marnie best waifu tbh
[20:13] <veropunch> revDay
[20:13] <place_holder> digging the revGremlin emote
[20:13] <appledoze> also rev its been forever since we last hung out
[20:13] <theluigiguy> 11 MONTH RESUB rev5
[20:13] <mamalyra> revGremlin
[20:13] <theluigiguy> revGremlin is so good
[20:14] <mamalyra> ye is gud emote
[20:14] <tomokithecoffeecup> iz gud
[20:14] <mamalyra> where's natalie
[20:14] <zimtard> the emote shouldve been called revlin 9/10
[20:14] <chucklercheese> wasnt there another new emote?
[20:14] <punstartracer> Does anyone have the daddy emote yet
[20:14] <theluigiguy> You need Big Barn first Rev
[20:14] <atleast3dolphins> King revWhatiswrongwithyou mond
[20:14] <theluigiguy> and then you can upgrade THAT to a Deluxe
[20:14] <magezian> rev5 hey rev and chat
[20:15] <tomokithecoffeecup> hiya
[20:15] <theluigiguy> hi magezian
[20:15] <freyja_fenris_tyrmitore> Hai Mage
[20:15] <zombiehunter6022> hey @magezian limesCheer
[20:15] <lt_shadow> ,y fave thing about the 10 and 25 emotes is the names
[20:15] <lt_shadow> my
[20:15] <pommeline> hiya rev, hiya chat! o/ i havent been in revchat for a while
[20:15] <magezian> Hi tomo, Luigi, Freyja, Zombie direLove
[20:15] <chucklercheese> rev would you ever concider streaming night in the woods?
[20:15] <squirrellilly> Wait a sec, this isn't Sonic the Hedgehog.
[20:15] <theluigiguy> hi welcome back pommeline !
[20:15] <lt_shadow> limesHi hello
[20:15] <zimtard> aa same pomme
[20:15] <lt_shadow> no they just drop them at 5 hearts
[20:16] <punstartracer> RevWhyareyoulikethis RevWhatiswrongwithyou
[20:16] <anxiouskiwi> No, they just produce them
[20:16] <magezian> hey pomme HeyGuys
[20:16] <anxiouskiwi> Somehow
[20:16] <chucklercheese> yeah i get you
[20:16] <theluigiguy> KY did do an (excellent) stream of that
[20:16] <lt_shadow> rabbits shed their feet like lizard tails in this game
[20:16] <tomokithecoffeecup> yea
[20:16] <moobot> If you like Rev's stuff subscribe to his youtube page https://www.youtube.com/user/RevScarecrow or if you missed something check out his full stream channel https://www.youtube.com/revscarecrowafterhours
[20:16] <pommeline> ive been good! thanks guys :)
[20:16] <zimtard> night in the woods has furries and rev cant be near those
[20:17] <zombiehunter6022> @revscarecrow found a cool game called deadbolt it's sorta hotline miami X vampire the mascaraide
[20:17] <punstartracer> Rare shell PogChamp
[20:17] <pommeline> i tend to lurk around when i am in chat but im here and thats what matters >_>
[20:17] <zombiehunter6022> but 2d
[20:17] <chucklercheese> theres plenty of things to do with making money in this game. foreging is a good option
[20:17] <punstartracer> @zombiehunter6022 deadbolt is so good
[20:17] <flametitan> Lurking is cool
[20:18] <flametitan> I mostly lurk too
[20:18] <moobot> Check out Rev's latest video: We are going to TMG! - Rev [Vinesauce] http://bit.ly/REVplaylist
[20:18] <chucklercheese> seaweed immediately gets fished up
[20:18] <pommeline> i like chatting and reading chat but i'm the type who doesnt have much to say ' v '
[20:18] <iopiop777> deadbolt is cool you should check it out
[20:18] <meaty_refrigerator37> @RevScarecrow whats up my dude
[20:18] <meaty_refrigerator37> hi chat
[20:18] <tomokithecoffeecup> hiya
[20:18] <theluigiguy> hi emtty
[20:18] <theluigiguy> metty
[20:18] <pommeline> hi meaty!
[20:18] <zimtard> rev animal jam stream when like top rated game in existence high quality entertainment
[20:18] <flametitan> hello
[20:18] <punstartracer> Noot storm when
[20:18] <theluigiguy> KonCha
[20:19] <natalietoday> !uptime
[20:19] <moobot> Rev has been streaming for 22m 8s
[20:19] <theluigiguy> not too late Nat
[20:19] <mamalyra> NAT!
[20:19] <meaty_refrigerator37> imagine if there was a tv in my summer car where you could watch twitch streams while you drive
[20:19] <shuuspillow> nat! KonCha
[20:19] <natalietoday> hey @RevScarecrow, hey chat! VoHiYo <3
[20:19] <tomokithecoffeecup> mahdude
[20:19] <meaty_refrigerator37> distracted
[20:19] <atleast3dolphins> Nat! rev5
[20:19] <theluigiguy> hi Natalie KonCha
[20:19] <meaty_refrigerator37> hi nat
[20:19] <zombiehunter6022> I'll plan on gifting you deadbolt with some other games
[20:19] <zombiehunter6022> hi nat
[20:19] <flynq> I'm looking to go, still need to get tickets though
[20:19] <pommeline> watching things while driving sounds like a terrible idea, you die randomly in that game enough as it is
[20:19] <chucklercheese> finding a time to find sebastian is a fuckin chore. i should know, i married the guy
[20:19] <theluigiguy> floor milk ritual at TMG
[20:20] <natalietoday> hi lugi, lyra, shuu, dolphins, metty, zombie <3
[20:20] <tomokithecoffeecup> oh hi natalie
[20:20] <corencio> KonCha How's farm life?
[20:20] <meaty_refrigerator37> whats rev trying to do?
[20:20] <propfortytwo> Rev you're a meme.
[20:20] <tomokithecoffeecup> life is a meme
[20:20] <cg_hardy> earn a pretty penny for your pretty Penny
[20:20] <natalietoday> hi tomoki!
[20:20] <mamalyra> can someone fill me in on this gifting incident?did someone end up gifting rev a key that was not legit and it got revoked or something?
[20:20] <punstartracer> I think deadbolt is like 10 bucks
[20:20] <corencio> What? How did Rev ascend to memehood?
[20:20] <propfortytwo> i dunno
[20:20] <punstartracer> yeah it is
[20:21] <propfortytwo> he's just a meme now
[20:21] <propfortytwo> we're all memes
[20:21] <tomokithecoffeecup> a s c e n d e d
[20:21] <theluigiguy> revDay
[20:21] <flametitan> @mamalyra Last My summer car stream he was gifted mid game and almost died, but I don't think that's the specific incident
[20:21] <squirrellilly> Rev is the King Meme
[20:21] <propfortytwo> wat r u, casul?
[20:21] <meaty_refrigerator37> ACENSCION
[20:21] <squirrellilly> It is his birthright
[20:21] <meaty_refrigerator37> ace n scion
[20:21] <heyfa> Bernie todavía puede ganar
[20:21] <minuecharm> wouldn't wanna overdose
[20:21] <tomokithecoffeecup> asscension
[20:21] <zimtard> dont do memes kids, it ruined me
[20:21] <propfortytwo> 10 fuckin' memeor
[20:21] <linkthehero121> i'm a hardcore memer, i am completely addicted to snorting joel
[20:21] <propfortytwo> 48 fucking memedurance
[20:21] <zombiehunter6022> found another game called hard west which looks like cowboy xcom
[20:21] <corencio> Memelife
[20:21] <lt_shadow> look worms!
[20:22] <propfortytwo> 16 fucking memeth
[20:22] <squirrellilly> But do you want it to be MEME?!
[20:22] <punstartracer> I used to do hard memes but i found my religion, the pit
[20:22] <lt_shadow> Rev get the worms
[20:22] <makorelfish> But Rev haven't you ever heard the phrase "I gotta be meme"?
[20:22] <appledoze> i OD on meme needles every day
[20:22] <propfortytwo> 10 dexmemity - BUT DON'T TELL ANY1 U LEVELED THAT UP, YOU FUCKING MEME
[20:22] <zimtard> all of my surreal memes oh booy
[20:22] <appledoze> its theonly way i can cope
[20:22] <magezian> not really taterThink
[20:22] <squirrellilly> Is that a meme?
[20:22] <appledoze> bone hurting juice
[20:22] <meaty_refrigerator37> oww ooof my bones
[20:22] <natalietoday> NotLikeThis
[20:22] <corencio> I have a very high meme tolerance.
[20:22] <lt_shadow> limesOmg
[20:22] <theluigiguy> NotLikeThis
[20:22] <tomokithecoffeecup> i inject 2009 memes into my left shoulder every day
[20:22] <natalietoday> @Lt_Shadow why'd you have to say that lmao
[20:22] <pommeline> rev please
[20:22] <standard_package> it's juice that hurts your bones
[20:22] <fangirlfridays> [Secret Meme]
[20:22] <squirrellilly> I have never even heard of the bone hurting juice
[20:22] <heyfa> literally every square but the worms was dug
[20:22] <flamingblizzard> ow owie ouch my bones
[20:22] <meaty_refrigerator37> @RevScarecrow its just an awful forced meme, a satire, if you will
[20:22] <appledoze> bone hurting juice is what back in the old 4chan days was called a forced meme
[20:22] <zombiehunter6022> is that a homestuck meme?
[20:23] <zimtard> i remember i helped cause a fandom meme about a mpreg blog and it was great
[20:23] <linkthehero121> no its not hs
[20:23] <moobot> On mobile but wanna support the channel? You can subscribe with this link! https://www.twitch.tv/products/revscarecrow/ticket New Emotes at 250 (214/250 Subscribers)
[20:23] <natalietoday> don't stop! keep injecting me those memes
[20:23] <theluigiguy> apparently it's an Anti-Memes
[20:23] <theluigiguy> yeah
[20:23] <squirrellilly> KYM says it is an anti-meme. So it is intended to be dumb
[20:23] <flametitan> Apparently it's supposed to be an *anti*-meme
[20:23] <tomokithecoffeecup> gud meme juice
[20:23] <theluigiguy> SourPls
[20:23] <zimtard> every meme is forced honestly
[20:23] <natalietoday> SourPls
[20:23] <meaty_refrigerator37> SourPls
[20:23] <tomokithecoffeecup> my existence is a forced meme
[20:23] <corencio> I'm against anti-memes. What if they disrupt the whole meme economy? WutFace
[20:23] <zombiehunter6022> @revscarecrow speaking of memes people are making starbuckchan a thing
[20:23] <theluigiguy> WHAT
[20:24] <atleast3dolphins> When will " revWhatiswrongwithyou " be a meme
[20:24] <appledoze> tbh my favorite new memes are the star wars prequel memes, it really shows that weve come a long way, the star wars fans have finally reached the acceptance stage of grief and are now ironically enjoying the prequels
[20:24] <flamingblizzard> they still suck though
[20:24] <natalietoday> @RevScarecrow he knows, he's just refusing to
[20:24] <squirrellilly> Who is 'they'
[20:24] <zimtard> i forced the whole gumball foot doctor thing so hard but honestly i was just happy rev-chan noticed me
[20:24] <punstartracer> Food chain-chan is a meme now
[20:24] <theluigiguy> I don't think Dolphins wants to use the other one LUL
[20:24] <flametitan> Let DY stand on its own!
[20:24] <pommeline> DY a best
[20:25] <atleast3dolphins> I only got the $25 sub for the revWhatiswrongwithyou emote
[20:25] <shuuspillow> wat is starbuckschan or should i be grateful for my ignorance
[20:25] <chucklercheese> SECRET meme
[20:25] <christinawonderz> Hello everyone! nice to see everyone again
[20:25] <punstartracer> @atleast3dolphins you must have both it says you should
[20:25] <mudflaptv> what is the purpose of the dy emote
[20:25] <tomokithecoffeecup> flash games give me war flashbacks
[20:25] <revscarecrow> revWhyareyoulikethis revWhatiswrongwithyou
[20:25] <zimtard> i'd murder for daddy
[20:25] <mudflaptv> oh
[20:25] <zimtard> REV NO
[20:25] <theluigiguy> Rev... revConcern
[20:25] <magezian> direLUL
[20:25] <tomokithecoffeecup> THAT ALSO GIVES ME WAR FLASHBACKS
[20:25] <lt_shadow> I want Jen to have a Mommy
[20:25] <meaty_refrigerator37> @RevScarecrow YOU TOO revConcern revStop
[20:26] <natalietoday> SHIT i gotta figure out how to switch my Prime sub to DADDY-TIER
[20:26] <zombiehunter6022> @christinawonderz limesHi
[20:26] <mudflaptv> I regret asking azerLewd
[20:26] <tomokithecoffeecup> revStop revStop
[20:26] <lt_shadow> Vine MomMy and DaDy
[20:26] <lt_shadow> PogChamp
[20:26] <chucklercheese> ive never had my cat be that far out wtf
[20:26] <fangirlfridays> Well, I sure do know what emote is going to be spammed in Jen's chat from now on
[20:26] <magezian> I want to know--why is it in green and red? the colors clash so much NotLikeThis @RevScarecrow
[20:26] <meaty_refrigerator37> @magezian thats the point
[20:26] <theluigiguy> that's the point
[20:26] <meaty_refrigerator37> he made it in three minutes at most
[20:26] <shuuspillow> irony
[20:26] <zimtard> the colors are godly
[20:26] <chucklercheese> green and red are complimentary colors u fuk
[20:27] <punstartracer> To be honest baby Elsa frostburn doctor gave me ptsd
[20:27] <mudflaptv> I thought it was pink and green
[20:27] <theluigiguy> UPGRADED SUB rev5
[20:27] <natalietoday> DAD-TIER SUB HYPYE
[20:27] <meaty_refrigerator37> SUB HYPE
[20:27] <corencio> But... omni geodes might give you the best gem in the game
[20:27] <kevinmunchybuttons> boy, what are you doing, you need to hoe them worms
[20:27] <mudflaptv> I might be color blind
[20:27] <meaty_refrigerator37> DAD TEIR SUB
[20:27] <magezian> @chucklercheese you're point? Kappa
[20:27] <lt_shadow> Elliet stands staring into the ocean with his majestic hair
[20:27] <zombiehunter6022> @revscarecrow do you need to pay 25 a month for this shit
[20:27] <mamalyra> I can't read the emote
[20:27] <place_holder> awaken chat revWhyareyoulikethis
[20:27] <meaty_refrigerator37> DAD
[20:27] <mudflaptv> bad
[20:27] <weer_dough> Dad
[20:27] <natalietoday> @RevScarecrow PLEASE call them "Dad Tier" and "Daddy Tier"
[20:27] <heyfa> $25 sub = Son
[20:27] <chucklercheese> @magezian youre right im an art major and even i hate red and green together
[20:27] <zimtard> forcing a dead meme here but like rev is a GRAND dad
[20:28] <tomokithecoffeecup> GRAND
[20:28] <theluigiguy> @natalietoday perfect
[20:28] <meaty_refrigerator37> @RevScarecrow dad tier, dy tier
[20:28] <atleast3dolphins> Can revWhatiswrongwithyou
[20:28] <moobot> You can buy shirts to support Rev here > http://bit.ly/RevShirt
[20:28] <punstartracer> It's magenta
[20:28] <magezian> @chucklercheese same taterThink
[20:28] <sirrisp> Hi
[20:28] <natalietoday> @RevScarecrow call the basic tier "Troglodyte"
[20:28] <zombiehunter6022> @revscarecrow add a nyan emote for a sub tier
[20:28] <zimtard> i have a deviantart so hot pink and green is not as bad as it can get
[20:28] <twitchnotify> kevinmunchybuttons just subscribed!
[20:28] <place_holder> touching on some issues you dont even know about when you say that rev
[20:28] <natalietoday> SUB HYYYYPE
[20:29] <chucklercheese> yellow and purple are god tier
[20:29] <theluigiguy> SUB rev5
[20:29] <meaty_refrigerator37> SUB HYPE
[20:29] <sirrisp> Can someone help me decide what crops to get day one?
[20:29] <zombiehunter6022> limesShare limesSub
[20:29] <zimtard> green and orange mmmm
[20:29] <punstartracer> purple+anything godtier
01[20:29] <theluigiguy> !sub
[20:29] <moobot> On mobile but wanna support the channel? You can subscribe with this link! https://www.twitch.tv/products/revscarecrow/ticket New Emotes at 250 (216/250 Subscribers)
[20:29] <kevinmunchybuttons> revWhyareyoulikethis revWhatiswrongwithyou
[20:29] <lt_shadow> So Rev any work storys you want to share?
[20:29] <kevinmunchybuttons> I love you rev
[20:29] <weer_dough> You could one day change the high tier sub emotes to hated memes from OTHER streamers to torment them with.
[20:29] <theluigiguy> revConcern
[20:29] <meaty_refrigerator37> potatoes
[20:29] <kevinmunchybuttons> yes
[20:29] <weer_dough> Like, make one a Bonzi emote just so they can use it to torture Joel.
[20:29] <natalietoday> DADDY-TIER @RevScarecrow
[20:29] <heyfa> kevinmunchsons
[20:29] <magezian> direLUL
[20:29] <theluigiguy> LUL
[20:29] <pommeline> anything that regrows multiple times is pretty good @sirrisp. potatoes too
[20:29] <meaty_refrigerator37> LUL
[20:29] <kevinmunchybuttons> i'm dying
[20:30] <zombiehunter6022> @revscarecrow how much is the daddy emote?
[20:30] <mamalyra> Rev, I feel like you're gonna regret the daddy emote
[20:30] <magezian> 25 bucks a month taterThink
[20:30] <zimtard> i'd spend 100 dollars to call rev daddy
[20:30] <theluigiguy> Rev regret the emote the moment he showed it in Discord
[20:30] <natalietoday> GDI how the fuck do i upgrade my sub when i'm already subbed revConcern
[20:30] <theluigiguy> PogChamp
[20:30] <wokebae420> Dead to rights.
[20:30] <theluigiguy> I have no idea Natalie
[20:30] <zombiehunter6022> @magezian but someone payed 10 bucks
[20:30] <atleast3dolphins> @zimtard Technically you can do so for 4 months!
[20:31] <lt_shadow> So Rev any work storys you want to share?
[20:31] <pommeline> @sirrisp in summer and fall blueberries and cranberries(? its been a while but i think thats right) will be all you need to live
[20:31] <samuelroy21> woah ancient doll
[20:31] <zimtard> i would if i like, had the money
[20:31] <corencio> Oh hey, another reason to spam SabaPing
[20:31] <samuelroy21> totally radical
[20:31] <zimtard> im a broke babby
[20:31] <theluigiguy> It doesn't look like Twitch Prime subs can upgrade mid-cycle
[20:31] <atleast3dolphins> Limes was right all along
[20:31] <tomokithecoffeecup> ima go take a nap, see ya guys
[20:31] <theluigiguy> TehePelo
[20:31] <theluigiguy> bye Tomoki
[20:31] <kevinmunchybuttons> I'm completely fine with shelling out 25 a month instead of shelling out 60 a month for a new game, this is more entertaining to me
[20:32] <shuuspillow> have a nice nap tomoki
[20:32] <heyfa> @kevinmunchybuttons agreed if I had $25 a month
[20:32] <whiland> Kemono Friends?
[20:32] <magezian> @natalietoday It should appear, when you go to the emote button and choose channel--they have the upgrades available
[20:32] <zombiehunter6022> friends = trash or furries limesHmm
[20:32] <mamalyra> revMomo catgirls
[20:32] <lt_shadow> Rev there was worms on the beach
[20:32] <xblazingsoulx> Shoebill chan is best waifu
[20:32] <lt_shadow> NotLikeThis
[20:32] <zimtard> nico nico no
[20:33] <lt_shadow> Rev theres 2 worms on the path
[20:33] <magezian> @zombiehunter6022 10 dollars for dad; 25 dollars for daddy taterThink
[20:33] <zimtard> they had to put the penguin in a cage
[20:33] <moobot> New emotes based on the results of this poll please vote: http://www.strawpoll.me/12834190
[20:33] <xblazingsoulx> is he blind
[20:33] <bortonium> lol
[20:33] <heyfa> literally right over the worms
[20:33] <zimtard> like it had its own section in the enclosure
[20:33] <heyfa> again
[20:33] <corencio> Rev pls
[20:33] <heyfa> @RevScarecrow please
[20:33] <darkchaoschao> Rev you passed it BibleThump
[20:33] <lt_shadow> limesOmg
[20:33] <natalietoday> @magezian YOU ROCK MY DUDE
[20:33] <bortonium> LOL!
[20:33] <samuelroy21> NotLikeThis
[20:33] <weer_dough> Rev why?
[20:33] <boybiue> NotLikeThis Rev...
[20:34] <meaty_refrigerator37> LUL
[20:34] <lt_shadow> He also missed one on the beach
[20:34] <corencio> That had to be intentional
[20:34] <magezian> @natalietoday TehePelo
[20:34] <darkchaoschao> I think he's vineJape ing us
[20:34] <xblazingsoulx> I think he needs to take an eye test
[20:34] <mamalyra> NotLikeThis Rev pls vineJape
[20:34] <chucklercheese> he lives in the carpenters basement
[20:34] <lt_shadow> NotLikeThis
[20:34] <sky8moon> he lives where you buy upgrades for your farm
[20:34] <boybiue> We bein' japed.
[20:34] <wokebae420> worm MISSED
[20:34] <weer_dough> Rev you're HURTING us.
[20:34] <corencio> Sebass lives with the farmer lady
[20:34] <natalietoday> LUL
[20:34] <kevinmunchybuttons> revWhyareyoulikethis revWhatiswrongwithyou pls
[20:34] <cloudyfair> NotLikeThis
[20:34] <lt_shadow> MingLee
[20:34] <chucklercheese> hes the emo
[20:34] <darkchaoschao> Rev you're going to give me a heart attack BibleThump
[20:34] <weer_dough> Karma.
[20:34] <theluigiguy> Sebastian is edge man
[20:34] <wokebae420> "NO!"
[20:35] <xblazingsoulx> Thats what you get for trolling chat
[20:35] <lt_shadow> limesTehe Karma
[20:35] <corencio> It's been so long since I played this game I've forgotten about the non-dateable characters
[20:35] <topazshot88> Seb wants none of your talk
[20:35] <atleast3dolphins> Break down the door!
[20:35] <zimtard> rev is hurting us all
[20:35] <heyfa> sebastian is punishing you for worm japes
[20:35] <natalietoday> @magezian it's actually not letting me upgrade, it's just telling me which plan i have but not letting me change revConcern
[20:35] <meaty_refrigerator37> @RevScarecrow sebastian is the goth emo edge lord
[20:35] <mentaljen> Glad to see you playing some Stardew Valley Colin it's always a good choice.
[20:35] <weer_dough> Rev...maybe if you get the worms...he'll come out.
[20:35] <theluigiguy> same natalie
[20:35] <theluigiguy> hi Jen
[20:35] <lt_shadow> Oh fuck that's right
[20:35] <mentaljen> jmfMom
[20:35] <mamalyra> hey jen
[20:35] <natalietoday> hey mommy Jen <3
[20:35] <lt_shadow> Elleiot lives on the bach
[20:35] <zimtard> MAYBE he wouldve talked to you if you didnt JAPE US
[20:35] <kevinmunchybuttons> I can't accept this power anymore, i'm making me laugh with the thought i can daddy now
[20:35] <theluigiguy> YO someone do the daddy emote
[20:35] <corencio> Oh hi Jen
[20:35] <topazshot88> That's not even Sebastian, that's Elliot.
[20:35] <fangirlfridays> MOMDY?
[20:35] <naruhodominuki> ok im going to ignore revs real name
[20:35] <natalietoday> YES SOMEONE POST THE DADDY
[20:35] <kevinmunchybuttons> revWhyareyoulikethis revWhatiswrongwithyou
[20:35] <lt_shadow> @MentalJen Jen!!!!!!!!!!!!!! limesLove
[20:35] <natalietoday> YESSS
[20:35] <magezian> @natalietoday That's weird, it worked fine for me when I upgraded for Potato's Channel taterThink
[20:35] <kengion> Rev would you fuck a fish?
[20:35] <chucklercheese> carpenters
[20:35] <zombiehunter6022> I've watched this anime called konosuba it's good I guess I laughed sometimes
[20:35] <mentaljen> This doesn't surprise me because Stardew is amazing.
[20:35] <meaty_refrigerator37> @RevScarecrow he lives with robin up in the mountain
[20:36] <natalietoday> @magezian were you a Prime sub or just a regular sub?
[20:36] <samuelroy21> wait, this beat MSC?
[20:36] <corencio> Oh right
[20:36] <corencio> SabaPing
[20:36] <theluigiguy> LUL
[20:36] <mentaljen> @RevScarecrow Why don't we just play the stardew valley multiplayer mod? We've gotten that working with relative success before
[20:36] <flametitan> Sebastian is the Carpenter's son. He's a motorcycle mechanic with a programming day job
[20:36] <crazy4toad> I came into a question like that
[20:36] <zimtard> but joel would fuck undyne
[20:36] <wokebae420> early 20 experimental era
[20:36] <lt_shadow> How have you been Jen? Cuckcast still cucking you?
[20:36] <corencio> I was getting Sebastian confused with Shane. Fuck that guy. Kappa
[20:36] <place_holder> that wasnt a no
[20:36] <darkchaoschao> You haven't lived till you fucked a fish, Rev BloodTrail
[20:36] <zombiehunter6022> what why?
[20:36] <morings> "Would I fuck a fish" was the first thing I heard when I entered the stream. Hey rev and chat
[20:36] <magezian> @natalietoday Oh, I was a regular sub taterThink maybe that could be why it's not working
[20:36] <wokebae420> my experimental era was 18-20
[20:36] <zombiehunter6022> why a fish?
[20:36] <mentaljen> Cuck cast is done cucking me for now and I have more upload so that's cool.
[20:36] <kevinmunchybuttons> so you're saying at 22, i should go fuck a fish?
[20:36] <maxistired> sebastian lives in robins house
[20:36] <moobot> Currently streaming Rev Stardew Valley #vinesauce twitch.tv/revscarecrow
[20:36] <tintainiumcan> Welp, that's a hell of a sentence to enter the stream to hear
[20:36] <natalietoday> @magezian yeah i'll reach out to Twitch on Twitter and see if that's an issue lol
[20:36] <weer_dough> I dunno what about if you're an old man on your deathbed and all these new "what if" ideas pop into your mind to try out on your bucket list and one is fucking a fish?
[20:36] <waylonjsmithers> robins house
[20:36] <mentaljen> Sebastian is the one that smokes weed in the forest.
[20:36] <anxiouskiwi> Sebastian lives in Robin's basement
[20:36] <lt_shadow> No Sabastion is the male version of Abigial. Elliot lives on the beach
[20:37] <wokebae420> i'd imagine it is very distubing to fuck a fish
[20:37] <chucklercheese> FailFish
[20:37] <mamalyra> @MentalJen i know Con cast sucks
[20:37] <theluigiguy> NotLikeThis
[20:37] <mentaljen> He has black hair and his sister is the black chick I can't remember the name of right now
[20:37] <waylonjsmithers> you jst walked over BOTH OF RHem
[20:37] <zimtard> Rev you ANIMAL
[20:37] <magezian> @natalietoday alright, good luck o/ direLove
[20:37] <geekygamergavin_> Why does he keep digging the ground
[20:37] <wokebae420> Mayo Boy
[20:37] <samuelroy21> @RevScarecrow That's harvest festival, I know one of the devs :D
[20:37] <crazy4toad> Edgy WutFace
[20:37] <lt_shadow> @MentalJen like Miko or something like that?
[20:37] <lt_shadow> id his sister is not really hot
[20:37] <mentaljen> It's not Miko
[20:37] <lt_shadow> *idk
[20:38] <stillabitgreen> you can open the geodes at the blacksmith's
[20:38] <mentaljen> Maru?
[20:38] <lt_shadow> YES
[20:38] <corencio> Maru
[20:38] <darkchaoschao> vineJape
[20:38] <meaty_refrigerator37> yeah maru
[20:38] <corencio> And wait did someone say Maru isn't cute? PunOko
[20:38] <lt_shadow> Abby is best Stardew Wifu
[20:38] <moobot> Check out Rev's latest video: We are going to TMG! - Rev [Vinesauce] http://bit.ly/REVplaylist
[20:38] <lt_shadow> limesLove
[20:38] <darkchaoschao> ^
[20:38] <crazy4toad> "gud"
[20:38] <corencio> I agree Abby is best waifu, but Maru was my second favorite.
[20:38] <wokebae420> DuckerZ
[20:38] <anxiouskiwi> Alright question for those in chat who've played this game: Who was your first spouse? Mine was Elliot.
[20:39] <weer_dough> Oh, there's Rev's growth of shame that he has to water manually. Was that worth it, Rev?
[20:39] <samuelroy21> I would marriage Krobus if the game let you
[20:39] <heyfa> too drunk for this bye chat
[20:39] <darkchaoschao> I'd listen to it to be a super cool guy BloodTrail
[20:39] <flametitan> I have some music glitches where it stops suddenly and I'm stuck hearing the flies
[20:39] <anxiouskiwi> @samuelroy21 Same here
[20:39] <chucklercheese> i ate all my pizza and now im sad
[20:39] <zombiehunter6022> can't wait to play siege again
[20:39] <rawketlawnchair0> Haley best waifu
[20:39] <mentaljen> Definitely gotta get those higher tiers of watering stuff
[20:39] <zimtard> Rev i think you missed an egg
[20:39] <flametitan> I went with Abigail during my first playthrough. She gave me a bomb for the festival.
[20:39] <crazy4toad> WutFace
[20:39] <wokebae420> thank you
[20:39] <samuelroy21> WutFace
[20:39] <zimtard> never forget eg
[20:39] <lt_shadow> Sounds like a new Redvox "let me milk your tittys"
[20:39] <mentaljen> Get an iritdium sprinkler
[20:39] <samuelroy21> clipped
[20:40] <kevinmunchybuttons> there's a black chest?
[20:40] <pommeline> first thing i heard when i came back from grabbing food: "let me milk your titties!"
[20:40] <mentaljen> And I dunno I wasn't totally paying attention
[20:40] <anxiouskiwi> inb4 that cow subs for $25
[20:40] <rawketlawnchair0> egg
[20:40] <standard_package> "let me milk your titties" ~Rev 2017
[20:40] <crazy4toad> Racist WutFace
[20:40] <pommeline> put my headphones in and immediately that
[20:40] <lt_shadow> Its Friday so the Gypsy is here
[20:40] <atleast3dolphins> Big tid revWhatiswrongwithyou es
[20:40] <lt_shadow> Wait Rev
[20:40] <lt_shadow> Goback there was worms
[20:40] <morings> Kinky
[20:40] <mamalyra> dolphins N O
[20:40] <anxiouskiwi> Oh my
[20:40] <meaty_refrigerator37> not dolphins
[20:40] <wokebae420> cmonBruh Romani
[20:40] <corencio> SubSCRIBING. Rev pls
[20:41] <kengion> Spank me daddy
[20:41] <theluigiguy> LUL
[20:41] <natalietoday> @RevScarecrow i'm trying SO HARD to become one of your Special Subs but Twitch isn't letting me D:
[20:41] <kevinmunchybuttons> sub to revWhyareyoulikethis revWhatiswrongwithyou
[20:41] <anxiouskiwi> Friday and Sunday
[20:41] <lt_shadow> Friday and Sunday
[20:41] <mentaljen> The gypsy is actually there 2 times a week
[20:41] <shuuspillow> "special subs"
[20:41] <crazy4toad> LUL best $25 ever
[20:41] <flametitan> Subbing. DAMN IT REV
[20:41] <jadedbunny84> <3
[20:41] <kevinmunchybuttons> Kreygasm
[20:41] <pommeline> fuck yeah cave carrots
[20:41] <tintainiumcan> New $25 Sub Tier: The "Daddy" Tier
[20:41] <mentaljen> Friday and Sunday sounds correct
[20:41] <chucklercheese> please dont say g*psy
[20:41] <corencio> Oooh Rare Seeds are great.
[20:41] <lt_shadow> Fish taco PogChamp you can put your cock in that
[20:41] <corencio> Well. At least once.
[20:41] <mentaljen> $10 dollar tier for me is jmfMom tier
[20:41] <augustodonnell> rare seed fruit is good to make wine with
[20:41] <zimtard> spends 35 dollars
[20:41] <kevinmunchybuttons> @MentalJen don't tempt me
[20:41] <corencio> The problem is it takes so long to grow
[20:42] <mentaljen> I'm fixing the my right now so it's not up atm
[20:42] <naruhodominuki> taco is slang for vagina
[20:42] <crazy4toad> ur mum MingLee
[20:42] <samuelroy21> THAT'S MY PURSE!
[20:42] <weer_dough> I mean after everything today we all could stand to go to church.
[20:42] <mentaljen> So 25 dollar tier for me is technically mommy but they have to reapprove the my now that it's fixed
[20:42] <samuelroy21> I DON'T KNOW YOU!
[20:42] <meaty_refrigerator37> @RevScarecrow stop while youre ahead
[20:42] <mentaljen> So all i have is jmfMom
[20:42] <chucklercheese> kids are little devils
[20:42] <zombiehunter6022> and 25 or 10 Diller for limes *special* emotes
[20:42] <augustodonnell> who are you trying to find
[20:42] <corencio> Which fucker, Rev?
[20:42] <kevinmunchybuttons> Can you upgrade tiers after you sub to one?
[20:42] <zombiehunter6022> dollars *
[20:42] <corencio> Robin's basement. Near the dungeon.
[20:42] <meaty_refrigerator37> @RevScarecrow he lives with the carpenter
[20:43] <chucklercheese> the carpenter
[20:43] <theluigiguy> He lives where you buy the Farm Upgrades
[20:43] <shuuspillow> where are any one of going really?
[20:43] <morings> Rev when did you get the Daddy emotes oh my god
[20:43] <lt_shadow> Robin lives below the mineshaft
[20:43] <minuecharm> north of town
[20:43] <flametitan> @Morings Today
[20:43] <atleast3dolphins> Now I need to sub to Jen for $25 so I can spam "MyDy"
[20:43] <morings> Lime's emotes are adorable i love them
[20:43] <lt_shadow> below the mines
[20:43] <chucklercheese> oh my god please dont say d*rp
[20:43] <natalietoday> for everyone but Prime subs, you can upgrade from the Emotes list
[20:43] <lt_shadow> limesLove
[20:43] <lt_shadow> HeyGuys
[20:43] <flametitan> Robin's the Carpenter
[20:43] <natalietoday> for Prime subs, i'm still working on figuring that one out
[20:43] <tintainiumcan> Wow I actually didn't know that those Romanian Caravans had an actual name
[20:43] <mentaljen> @atleast3Dolphins Well, once they fix the my anyway but yeah.
[20:43] <stillabitgreen> has the quest not expired yet?
[20:43] <lt_shadow> Sabastion lives in Robins house NotLikeThis
[20:43] <corencio> You're looking for Robin's house though, Rev
[20:43] <theluigiguy> @RevScarecrow Sebastian lives in the house where you buy Farm Upgrades
[20:43] <moobot> You can buy shirts to support Rev here > http://bit.ly/RevShirt
[20:43] <meaty_refrigerator37> @RevScarecrow edge lord lives with robin
[20:43] <iopiop777> zeno clash rev
[20:43] <sonadors> MotherFather was Zeno Clash.
[20:43] <crazy4toad> Strats
[20:43] <zombiehunter6022> @atleast3dolphins so how's the dy emote
[20:44] <sonadors> Abstract as fuck source game.
[20:44] <flametitan> Sebastian doesn't leave Robin's house, most days
[20:44] <naruhodominuki> wait does seb really live in someone's basement?
[20:44] <chucklercheese> FailFish
[20:44] <corencio> Yep.
[20:44] <augustodonnell> sebastian lives in robin's basement. you can't go in his room unless you have 2 hearts with him though
[20:44] <wokebae420> mother father gentlemen
[20:44] <lt_shadow> Rev look there are 2 worms on the path
[20:44] <atleast3dolphins> @zombiehunter6022 it's Dan revWhatiswrongwithyou
[20:44] <weer_dough> Overgrowth?
[20:44] <nik12787> Zeno Clash 1 and 2 are both amazing
[20:44] <meaty_refrigerator37> @RevScarecrow overgrowth
[20:44] <samuelroy21> I dunno. Sir, you are being hunted?
[20:44] <kevinmunchybuttons> jmfMom revWhatiswrongwithyou
[20:44] <crazy4toad> Duck Mayo? WutFace
[20:44] <whiland> Damn just reminded me i need to play Zeno Clash 2
[20:44] <kevinmunchybuttons> Jen it looks good
[20:44] <theluigiguy> @kevinmunchybuttons revConcern
[20:44] <chucklercheese> have you checked your mushrooms lately
[20:45] <atleast3dolphins> @kevinmunchybuttons That is beautiful!
[20:45] <flametitan> @kevinmunchybuttons Momdy>
[20:45] <mamalyra> @kevinmunchybuttons revConcern
[20:45] <flametitan> @kevinmunchybuttons WHY?
[20:45] <zimtard> MomDy needs to be the New Meme(TM)
[20:45] <lt_shadow> You should get the 2 worms on the bus stop path
[20:45] <zombiehunter6022> @atleast3dolphins oh hai danny *insert vinny's tommy wiseau emote*
[20:45] <nick2424delcat> cheer25 ill be doing the highest sub next month daddy
[20:45] <theluigiguy> BYPE
[20:45] <mentaljen> @kevinmunchybuttons Oh thank you buddy
[20:45] <chucklercheese> mushroom trees should also give mushyrooms once a day i think?
[20:45] <kevinmunchybuttons> <3
[20:45] <chucklercheese> s been a while
[20:45] <natalietoday> BYPE
[20:45] <whiland> Overgrowth is actually a sequel, the first game is called Lugaru
[20:45] <mentaljen> @RevScarecrow See what happens when you sell out for kinks Colin? People pay you 25 dollar to call you Daddy. Did you ever think this would be your life?
[20:46] <nick2424delcat> also hi jen
[20:46] <mentaljen> @Nick2424Delcat Hello
[20:46] <kevinmunchybuttons> Are you kink shaming when you have the same kink
[20:46] <morings> @MentalJen Sex sells
[20:46] <meaty_refrigerator37> @MentalJen this is serious shit, you're calling him colin
[20:46] <corencio> TehePelo
[20:46] <kevinmunchybuttons> jmfMom
[20:46] <chucklercheese> my mom mis-said "diamond in the rough" as "cherry in the rough" and now its a family meme
[20:46] <mentaljen> @meaty_refrigerator37 I always call him Colin.
[20:46] <meaty_refrigerator37> oh
[20:46] <morings> WHY would you expect that rev
[20:46] <purplelark> I caught My Summer Car through afterhours today. What happened during that stream is utter bull. Great decision with Stardew today!
[20:46] <zimtard> 100 dollar furry rev emote when?
[20:46] <nick2424delcat> @RevScarecrow and we can now use it in your discord even with the bottom tier sub
[20:46] <mentaljen> I always refer to the streamers by their actual names because of formalities.
[20:47] <theluigiguy> !uptime
[20:47] <moobot> Rev has been streaming for 50m 9s
[20:47] <nick2424delcat> 50 minutes
[20:47] <lt_shadow> !uptime
[20:47] <natalietoday> damnit lugi beat me to it lol
[20:47] <meaty_refrigerator37> @RevScarecrow furry rev emote when
[20:47] <weer_dough> Look...look...you gave people the first open offer of "I will let you call me daddy if you pay me" what did you expect?
[20:47] <meaty_refrigerator37> !uptime
[20:47] <theluigiguy> revConcern
[20:47] <flametitan> @RevScarecrow I hope you appreciate the extra income you get from the $25 subs
[20:47] <weer_dough> You have brought this nightmare upon yourself.
[20:47] <zombiehunter6022> @revscarecrow it would be smarter if the 10 sub gave the dy emote
[20:47] <mentaljen> @RevScarecrow It's kind of random I think maybe in the fire levels cause red?
[20:47] <place_holder> if we have to pay to call rev daddy does that make him a professional Dom?
[20:47] <nick2424delcat> but rev you are my fursona FeelsBadMan
[20:47] <kevinmunchybuttons> rubies are after level 81
[20:47] <morings> @Place_holder oh my god
[20:47] <naruhodominuki> reverse sugar daddy
[20:47] <wokebae420> BATTLE
[20:47] <mentaljen> Yeah we all definitely appreciate the extra income so if we gotta make jmfMom kink emotes for some dosh we're cool with that LOL
[20:48] <theluigiguy> LUL
[20:48] <mamalyra> lol
[20:48] <mentaljen> @RevScarecrow Glad I'm not the only one thanks for being a degenerate like me
[20:48] <crazy4toad> LUL
[20:48] <weer_dough> Oh.
[20:48] <meaty_refrigerator37> LUL
[20:48] <flametitan> Well then
[20:48] <theluigiguy> revGremlin
[20:48] <mamalyra> I'll see you later chat and Rev, gonna go play something
[20:48] <mentaljen> Yeah it gives more sub points towards your next tier of emote.
[20:48] <theluigiguy> bye Lyra
[20:48] <zimtard> everyone start the ironic rev fetish art (please no i beg of you)
[20:48] <revscarecrow> !subs
[20:48] <pommeline> i'm sooo bad at mining in this game, i freak out so much when it comes to combat
[20:48] <moobot> On mobile but wanna support the channel? You can subscribe with this link! https://www.twitch.tv/products/revscarecrow/ticket New Emotes at 250 (216/250 Subscribers)
[20:48] <kevinmunchybuttons> wait in his house lol
[20:49] <kevinmunchybuttons> thank god, i was hoping i'd count for more than 1
[20:49] <natalietoday> i think it's 6
[20:49] <mentaljen> It definitely counts as more than 1
[20:49] <theluigiguy> I think Demetrius is gonna be at the bar
[20:49] <kevinmunchybuttons> aren't they all alcoholics?
[20:49] <corencio> It's Friday night, EVERYONE is at the bar
[20:49] <augustodonnell> it's friday so he does go to the bar with robin on the weekends
[20:49] <chucklercheese> does the sub last all those months?
[20:49] <stillabitgreen> he might be at the bar, i think him and robin go there sometimes
[20:49] <nick2424delcat> @RevScarecrow it counts as 6
[20:49] <mentaljen> I have 92 subs I know that beekay subbed for 25 dollars and I have 98 points towards 125 sub points so I'm trying to figure it kevin just did it for 10 then...
[20:49] <theluigiguy> $24.99 / $9.99 subs are still 1 month
[20:50] <flametitan> Friday night is Bar night! Unless you're a kid
[20:50] <lt_shadow> Rev buff
[20:50] <punstartracer> sup my man again
[20:50] <theluigiguy> They're just if you want to support your local streamer in a higher capacity
[20:50] <zimtard> friday night is meme night
[20:50] <kevinmunchybuttons> $10 must be 2
[20:50] <crazy4toad> TRESH DansGame
[20:50] <docjackal2> My cat's sitting on my lap watching with me. Say "Fuck you, Xander"
[20:50] <jeddostotle7> OSkomodo / <3 Hey, Rev and chat! Got here late, but I'm here now!
[20:50] <purplelark> I wish I could sub. I've been watching from after hours for a few months now
[20:50] <mentaljen> 25 dollar sub counts for like 5? and the 10 counts for 2
[20:50] <natalietoday> hey jeddo!
[20:50] <pommeline> that's not even sebastian
[20:50] <theluigiguy> Hi Jeddo OSkomodo /
[20:50] <natalietoday> yeah 10 is 2 and 25 is 6 iirc
[20:50] <theluigiguy> Rubies usually sell for $250 I think
[20:50] <1upjumpman> You can pay for subs month-to-month, or all t once for 3, 6, and 12 months
[20:50] <jeddostotle7> Hey Nat, hey Luigi, hey Jen!
[20:50] <mentaljen> Oh six
[20:51] <mentaljen> Hmm
[20:51] <theluigiguy> limesLove
[20:51] <docjackal2> He looked up.
[20:51] <mentaljen> This is all new so I'm only just now figuring it out. Also hello @Jeddostotle7
[20:51] <crazy4toad> LUL
[20:51] <zombiehunter6022> limesLove
[20:51] <natalietoday> revMomo
[20:51] <pommeline> tell xander i love him too
[20:51] <theluigiguy> revMomo <3
[20:51] <kevinmunchybuttons> you can pre pay for a year?
[20:51] <docjackal2> Thank you
[20:51] <zimtard> all cats are good cats
[20:51] <crazy4toad> Cat <3
[20:51] <naruhodominuki> ily xander
[20:51] <atleast3dolphins> Aww <3
[20:51] <morings> @PurpleLark whitelist rev (and other streamers) on adblock to support them!
[20:51] <1upjumpman> Pretty sure you can pay for a year
[20:51] <flametitan> I have an 16-17 year old cat on my lap. Express aw at her age
[20:51] <kevinmunchybuttons> shit, i should have
[20:51] <morings> I can't afford subbing right now either, so that's what i do, only if it's something small
[20:51] <minuecharm> My cat just left me
[20:51] <mentaljen> @Morings Everything helps though.
[20:52] <pommeline> @flametitan i LOVE her. she is so strong and beautiful
[20:52] <morings> Yep <3
[20:52] <purplelark> Already ahead of you, @Morings. I know Youtube ads don't bring in much, but I know it helps
[20:52] <docjackal2> Ancient Wisdom @flametitan
[20:52] <mentaljen> It's nice to just see people in stream and talk to them. I like to talk to people while I'm streaming.
[20:52] <tl013> My oldest kitty is going to turn 15 in August :3
[20:52] <kevinmunchybuttons> Rev, we do it because we love you, hush and love us revWhyareyoulikethis revWhatiswrongwithyou
[20:52] <jeddostotle7> When I get an actual job (which seems likely to be soon, the LEGO Store called me back a couple days ago for a second interview on Monday), I'm seriously considering upping my sub to $25 a month so I can call Rev Daddy via emote
[20:52] <chucklercheese> i moved out so all my cats are at my parents house ;_;
[20:52] <waylonjsmithers> my 16 yo cat has been diagnosed with kidney failure and im super bummed
[20:52] <theluigiguy> @Jeddostotle7 PogChamp
[20:52] <flametitan> She's also whiny as fuck. The Racist Grandma of cats
[20:52] <punstartracer> i usually use my laptop to play ads for people
[20:52] <corencio> Here it is SourPls
[20:52] <wokebae420> WHERE IS MY WIFE SwiftRage
[20:52] <lt_shadow> @MentalJen Sorry I have been so bad at turning up to your streams life is falling apart on me NotLikeThis
[20:53] <natalietoday> @RevScarecrow that's why i always retweet your stream tweets, so even if i'm not able to keep subbing or bype-ing, i can still support <3
[20:53] <anxiouskiwi> You need 5 beans and a keg
[20:53] <docjackal2> You can put coffee beans in the kegs I think
[20:53] <kyleman234> how far am i into the stream?
[20:53] <rawketlawnchair0> You need 5 beans
[20:53] <pommeline> i love grumpy old lady cats. i have one of those
[20:53] <starman9777> whats a wife? do you mean waifu KonCha
[20:53] <zimtard> forgot i had my antivirus browser open to get rev flash games and it scared the shit out of me
[20:53] <morings> natalie is the bype queen
[20:53] <chucklercheese> been
[20:53] <mentaljen> @Lt_Shadow That's okay my life has been falling apart and comcast has been cucking me so I haven't been able to stream much.
[20:53] <mentaljen> @natalietoday Everything helps so thank you
[20:53] <moobot> New emotes based on the results of this poll please vote: http://www.strawpoll.me/12834190
[20:53] <lt_shadow> l imesLove
[20:53] <lt_shadow> limesLove
[20:53] <janekellyxcom> helol
[20:53] <janekellyxcom> *hello
[20:53] <lt_shadow> NotLikeThis
[20:53] <docjackal2> Straight up
[20:54] <natalietoday> @MentalJen <3 i do my best!
[20:54] <docjackal2> She's in the garden
[20:54] <chucklercheese> up
[20:54] <zombiehunter6022> @revscarecrow have you seen the Disney world gaston videos?
[20:54] <janekellyxcom> Yes, pufferfish are at the ocean
[20:54] <kevinmunchybuttons> At that point, you'd think they get like 3 jobs and do the grind
[20:54] <crazy4toad> No they live in you mum Kappa
[20:54] <pewkencry> !uptime
[20:54] <moobot> Rev has been streaming for 57m 51s
[20:54] <lt_shadow> Yes puffer fish are in the ocean and can only be caught on Sunny days
[20:54] <morings> <3
[20:55] <punstartracer> Give me your home address and SSN Rev Kappa
[20:55] <docjackal2> Man I'm thankful for the five people that turn up regularly to my streams.
[20:55] <lt_shadow> Go back theres a worm near the lighting rod
[20:55] <mentaljen> We have quite a few people watching us and it's pretty cool.
[20:55] <wokebae420> i'm probably the kind who will die while creating content but will not blame people for not being able ot allow me to survive i mean, the only thing lost is me makin content
[20:55] <theluigiguy> :)
[20:56] <lt_shadow> Rev look worms
[20:56] <natalietoday> @Lt_Shadow pls no
[20:56] <chucklercheese> worms are cool as fuck. like in real life
[20:56] <lt_shadow> He wotn get them SwiftRage
[20:56] <kevinmunchybuttons> @MentalJen please karaoke dr dick for this years charity thing, i'll love you more than forever
[20:56] <lt_shadow> limesThump
[20:56] <1upjumpman> Ok I was wrong about 1-year subs. You can make payments at $4.99 per month, $14.97 for 3 months, and $29.94 for 6 months. But there are no savings at all so it's no harm buying mo-to-mo.
[20:56] <corencio> Most of the time worms are garbage. But they have a small chance to yield treasure, so....
[20:56] <moobot> Wanna have your fan art shown on stream? Post it here http://vinesauce.booru.org/ and Rev will show it at the end of the stream. Make sure to put "rev" tag so he can find it.
[20:57] <mentaljen> @kevinmunchybuttons I can definitely try. Maybe I can get someone to do a duet with me
[20:57] <wokebae420> if i go broke i'll be sure to go out with a blast and kill the proletariat and try to achieve socialism or die tryin
[20:57] <lt_shadow> That's the puffer
[20:57] <topazshot88> Octopus!
[20:57] <docjackal2> Shark
[20:57] <kevinmunchybuttons> @MentalJen Huggbees?
[20:57] <jeddostotle7> @theluigiguy you running stats for chat this stream?
[20:57] <theluigiguy> yes
[20:57] <jeddostotle7> cool
[20:57] <topazshot88> It's still too early for the Pufferfish.
[20:57] <meaty_refrigerator37> ok
[20:57] <natalietoday> stats hype \po/
[20:57] <anxiouskiwi> Pufferfish and octopi are p hard to catch
[20:57] <natalietoday> \o/*
[20:58] <drox> yeah
[20:58] <kevinmunchybuttons> @RevScarecrow don't ruin this for me
[20:58] <wokebae420> "dick dick docta docta dick"
[20:58] <chucklercheese> at night worms come up and pull leaves underground that it the tightest shit
[20:58] <weer_dough> Yes it is.
[20:58] <tintainiumcan> Doctor Dick is a goddamn classic
[20:58] <meaty_refrigerator37> i agree natalie \o/
[20:58] <topazshot88> Octopus is from 6 AM to 1 PM, Pufferfish is from Noon to 4 PM.
[20:58] <mentaljen> Yeah there's like one word that matters D-D-D-Deeper
[20:58] <xardde> Wokebea I heard Venezuela is a really good socialist country
[20:58] <anxiouskiwi> Also, have you caught the crimsonfish yet?
[20:58] <wokebae420> @xArDDe Cuba is better actually
[20:58] <tintainiumcan> It was Pro Skater 3
[20:58] <moobot> Check out Rev's latest video: We are going to TMG! - Rev [Vinesauce] http://bit.ly/REVplaylist
[20:59] <weer_dough> THPS3, actually
[20:59] <wokebae420> So is SWEDEN IF THAT COUNTS
[20:59] <lt_shadow> @MentalJen How do you like the TF2 version?
[20:59] <docjackal2> THPS3
[20:59] <tintainiumcan> I remember very clearly
[20:59] <sadistic_kitten> thats not real socialism real socialism hasnt been tried yet Kappa Kappa
[20:59] <mentaljen> @Lt_Shadow I actually like it a lot
[20:59] <lt_shadow> SeemsGood
[20:59] <sonadors> What is it really that's going on here? You've got the system for total control.
[20:59] <kevinmunchybuttons> Doesn't vinny still owe us a song from his charity intensives?
[20:59] <wokebae420> Dumb american idea of socialism is happening in dermark or sweden tho so thats good enough
[21:00] <theluigiguy> Yes Vinny still owes us Japanese Karaoke
[21:00] <mentaljen> @kevinmunchybuttons
[21:00] <mentaljen> Yes
[21:00] <tintainiumcan> This is one tricky fish
[21:00] <corencio> What
[21:00] <natalietoday> rip
[21:00] <topazshot88> Fishing Tackle exists for a reason, Rev
[21:00] <theluigiguy> NotLikeThis
[21:00] <sadistic_kitten> No worries no beef @wokebae420 just returning the rhetoric i am hearing from you
[21:00] <punstartracer> rip
[21:00] <anxiouskiwi> Use a good tackle and maybe eat some fish stew
[21:00] <corencio> This is probably the pufferfish. But what's that about Vinny and karaoke?
[21:00] <natalietoday> i was so hyped when i managed to finally catch the legendary ocean fish
[21:00] <xardde> Wokebea I cant really tell if you like it or not lol
[21:00] <place_holder> an epic battle of man verses sea
[21:01] <wokebae420> What Cuba? Cuba is okay, its decent at best
[21:01] <kevinmunchybuttons> Fishing mod exists for the same reason, for when you put in 100 hours and fishing is a problem for you ;p
[21:01] <saidin228> asshole fish
[21:01] <chucklercheese> i never noticed that
[21:01] <wokebae420> its not that bad as the fear mongering makes cuba make it seem
[21:01] <theluigiguy> WutFace
[21:02] <corencio> Stream it on a different website?
[21:02] <kevinmunchybuttons> @RevScarecrow is omegle the same way?
[21:02] <lt_shadow> What cite is this?
[21:02] <lt_shadow> Omegle?
[21:02] <shuuspillow> yeah i saw which is really fucked up
[21:02] <tintainiumcan> Didn't omegle become the alternative or is that just as bad now
[21:02] <asunz> What about something similar but with potentially less dicks?
[21:02] <flametitan> I think every random chat has become penises
[21:02] <punstartracer> Try shamechat or something like that
[21:02] <freshgiantofbelair> what year is rev on?
[21:02] <corencio> Well hey, if you record a video, you could censor it yourself
[21:02] <surewhynot000> those guys are jerks
[21:03] <sir_noobsly> penis seems to be the natural state of chat rooms
[21:03] <surewhynot000> get it? jerks?
[21:03] <comradebadlose> what did i just come to?
[21:03] <theluigiguy> Kappa
[21:03] <corencio> Jerkoffs, yes
[21:03] <place_holder> @RevScarecrow you could use that tag feature that omegle has now and have chat use that tag if you want to do something with omegal
[21:03] <freshgiantofbelair> what the fuck is happening
[21:03] <wokebae420> "You can't fuck someone masturbating" SINCE WHEN? Kappa
[21:03] <chucklercheese> those damn exhibitionists
[21:03] <kevinmunchybuttons> I mean i'm all down for having someone watch me, but i'm not desperate to stream myself for it, that's low af
[21:03] <corencio> Rev is fishing. SabaPing
[21:03] <shuuspillow> and they dont even show their faces sometimes rude af
[21:03] <nick2424delcat> @RevScarecrow to be fair, who wouldnt wanna jerk to daddy
[21:03] <atleast3dolphins> revWhatiswrongwithyou Gonna head out, have fun Rev.
[21:03] <sky8moon> you'll have to put a tag there for a fandom or something to get anyone that isn't jerking off
[21:03] <tintainiumcan> Kind of a shame that behaviour is so... idk predictable
[21:04] <agumonchampion3> Never played Stardew Valley, is it really that replayable & fun?
[21:04] <moobot> You can buy shirts to support Rev here > http://bit.ly/RevShirt
[21:04] <chucklercheese> ill bet theres guys jerking off who gets another guy jerking off and thats how they realised that they were gay
[21:04] <jeddostotle7> @atleast3Dolphins later, Dolphins
[21:04] <sky8moon> i thought tags worked for videos
[21:04] <natalietoday> i love s t a r d e w KappaHD
[21:04] <kevinmunchybuttons> You'd only get that jerkoff if no one else puts in the tag OR someone here is the jerkoff
[21:04] <natalietoday> (i think chat realizes this by now)
[21:04] <chucklercheese> you streaming it got me into it
[21:04] <comradebadlose> wait are we talking about chatroulette
[21:04] <theluigiguy> were
[21:05] <theluigiguy> Animal Tossing
[21:05] <flametitan> @comradebadlose And Omegle. Those families of chats
[21:05] <corencio> I have this problem where I played over 100 hours of Stardew and burnt out.
[21:05] <saginaim> Hi I just got here what's this about jerking off in Stardew Valley?
[21:05] <punstartracer> every videochat place is either a/s/l or people straight jerking off
[21:05] <shuuspillow> thats fucked up if they do invade random tagged videos with their dicks who is to say their own fam isnt on the other side
[21:05] <natalietoday> this is like the comfiest game on the planet right now
[21:05] <flametitan> I enjoyed it. It was a nice way to relax.
[21:05] <tintainiumcan> I had a go at Stardew, and though I need to give it another chance, it actually stressed me the hell out
[21:05] <tintainiumcan> Which is bizarre I know
[21:05] <agumonchampion3> I've never gotten into these sort of games, but I might try someday.
[21:06] <kevinmunchybuttons> I got about 100 and haven't finished it. I'll probably go back to it eventually
[21:06] <anxiouskiwi> According to steam I have 188 hours in SV
[21:06] <flametitan> I'm waiting for the Co-Op update
[21:06] <natalietoday> i'm at like 70-75 hours
[21:06] <kevinmunchybuttons> ^
[21:06] <tirien66> im waiting for better husbandos
[21:06] <kevinmunchybuttons> co op will be tight
[21:06] <anxiouskiwi> It just keeps going
[21:06] <corencio> Depends on how you define "beating" it
[21:07] <tirien66> there is a win, which is repair entire town, but theres no real end
[21:07] <kevinmunchybuttons> well yeah, what i mean by finishing it though is please grand revWhyareyoulikethis revWhatiswrongwithyou
[21:07] <kevinmunchybuttons> pleasing*
[21:07] <lajiaya> The main thing I dislike about this game is the combat with a M+KB.
[21:07] <queenofwaffles> lmao those emotes
[21:07] <chucklercheese> beating it Kappa
[21:07] <tirien66> basically do all the money things for jojomart or give the apple gremlins all the stuff
[21:07] <kevinmunchybuttons> I am
[21:07] <punstartracer> I have a 120h save file and i just want to have more wife's and husbands now
[21:07] <anxiouskiwi> There's an event measuring you progress at the beginning of year 3 (you can redo it if you fail) and I think that's the end of the 'story' but the game still keeps going ig you want
[21:07] <flametitan> @Corencio I read that in the context of the last conversation. I was mildly disturbed
[21:07] <sky8moon> well they did pay for it
[21:07] <natalietoday> @RevScarecrow Twitch isn't letting me join the Daddy Tier right now :<
[21:07] <corencio> My work here is done KappaPride
[21:07] <kevinmunchybuttons> I laugh every time i get a chance to use them
[21:08] <natalietoday> @RevScarecrow that sounded sincere Kappa
[21:08] <theluigiguy> LUL
[21:08] <shuuspillow> @natalietoday twitch is specifically kinkshaming u
[21:08] <tintainiumcan> That's the whole thing, even if it's basically arbritrary, having the entire game be on a timer is terrifying
[21:08] <weer_dough> Rev you don't sound very sorry.
[21:08] <tintainiumcan> Suddenly like everyday has to become perfectly efficient in my head
[21:08] <asunz> Same
[21:08] <inakicast> This game hace co-op already ? or its the same as 1 year ago ?
[21:08] <kevinmunchybuttons> Worm bin is new to me
[21:08] <rawketlawnchair0> This is bait.
[21:08] <sky8moon> makes bait
[21:08] <anxiouskiwi> Produces free bait
[21:08] <lajiaya> Gives you bait.
[21:08] <topazshot88> You put it down and every day get 2-5 bait.
[21:08] <meaty_refrigerator37> worms
[21:08] <corencio> It helps you bait KappaPride
[21:08] <corencio> Listen I can't
[21:08] <punstartracer> gives bait randomly
[21:08] <topazshot88> You can be pretty self-sufficient with crab pots.
[21:08] <shuuspillow> im curious, can u have a kid in this game?
[21:09] <corencio> You can have two
[21:09] <flametitan> @TintainiumCan In the early game you don't have the energy to spend the day efficiently
[21:09] <moobot> On mobile but wanna support the channel? You can subscribe with this link! https://www.twitch.tv/products/revscarecrow/ticket New Emotes at 250 (216/250 Subscribers)
[21:09] <natalietoday> HI TILDE <3
[21:09] <theluigiguy> revMomo <3
[21:09] <tintainiumcan> @flametitan I know, and that makes it worse!
[21:09] <corencio> Then you can turn your kids into doves and have more. Kappa
[21:09] <punstartracer> Tilde <3
[21:09] <pommeline> i miss this game...i won it from a giveaway but it was like, 3 or 4 days before the new story of seasons came out. so i ended up dropping it to play a different farm game
[21:09] <kevinmunchybuttons> Tilde emote when?
[21:09] <shuuspillow> give her a hug from us
[21:09] <topazshot88> Thanks for the ear rape, Rev
[21:09] <kevinmunchybuttons> stardew just came to ps4 not to long ago
[21:09] <corencio> (ditto)
[21:10] <pommeline> managed to start dating shane before i stopped tho :9
[21:10] <asunz> Shit, did it?
[21:10] <corencio> Welp. That doesn't work. Back to SourPls
[21:10] <flametitan> @TintainiumCan Best tip I have is don't try to do everything. Find one or two things and focus on that
[21:10] <meaty_refrigerator37> SourPls
[21:10] <punstartracer> SourPls
[21:10] <kevinmunchybuttons> I just went for an interview at a gamestop and talked to the manager about this game and saw the ps4 case of it
[21:10] <boybiue> SourPls
[21:11] <punstartracer> @kevinmunchybuttons a case? weird
[21:11] <kevinmunchybuttons> said it came out for ps4 last week
[21:11] <topazshot88> Rev has a very pointy head.
[21:11] <theluigiguy> Ok bye Rev thanks for the stream!
[21:11] <natalietoday> thanks for streaming, @RevScarecrow! tell Tilde we say hi!
[21:11] <theluigiguy> revGremlin revMomo
[21:11] <corencio> Huh. Okay. Bye then
[21:11] <kevinmunchybuttons> Good
[21:11] <theluigiguy> PogChamp
[21:11] <meaty_refrigerator37> cya @RevScarecrow also hi tilde
[21:11] <theluigiguy> Jen just went live
[21:11] <kevinmunchybuttons> revTilde revWhyareyoulikethis revWhatiswrongwithyou
[21:11] <theluigiguy> Limes is offline
[21:11] <chuggyosh> Thanks for the stream Rev <3 <3 <3
[21:11] <jeddostotle7> OSkomodo / <3 Later, Rev and chat!
[21:11] <theluigiguy> <3 <3 <3
[21:11] <stillabitgreen> goodnight
[21:12] <tintainiumcan> Night Rev
